addr_bin            data_bin   addr_hex  r_w    data_hex
1110101011111000    11101010   eaf8      r      ea
1110101011111000    11101010   eaf8      r      ea
1111111111111111    11101010   ffff      r      ea
1110101011111000    11101010   eaf8      r      ea
0000000111111100    11101010   01fc      r      ea
0000000111111011    11101010   01fb      r      ea
0000000111111010    11101010   01fa      r      ea
1111111111111100    11101010   fffc      r      ea
1111111111111101    11101010   fffd      r      ea
1110101011101010    11101010   eaea      r      ea
1110101011101011    11101010   eaeb      r      ea
1110101011101011    11101010   eaeb      r      ea
1110101011101100    11101010   eaec      r      ea
1110101011101110    11101010   eaee      r      ea
1110101011110000    11101010   eaf0      r      ea
1110101011110011    11101010   eaf3      r      ea
1110101011110101    11101010   eaf5      r      ea
1110101011110111    11101010   eaf7      r      ea
1110101011111001    11101010   eaf9      r      ea
1110101011111000    11101010   eaf8      r      ea
1110101011111110    11101010   eafe      r      ea
1110101100000000    11101010   eb00      r      ea
1110101100000010    11101010   eb02      r      ea
1110101100000101    11101010   eb05      r      ea
1110101100000111    11101010   eb07      r      ea
1110101100001001    11101010   eb09      r      ea
1110101100001011    11101010   eb0b      r      ea
1110101100001110    11101010   eb0e      r      ea
1110101100010000    11101010   eb10      r      ea
1110101100010010    11101010   eb12      r      ea
1110101100010100    11101010   eb14      r      ea
1110101100010111    11101010   eb17      r      ea
1110101100011001    11101010   eb19      r      ea
1110101100011011    11101010   eb1b      r      ea
1110101100011100    11101010   eb1c      r      ea
1110101100100000    11101010   eb20      r      ea
1110101100100010    11101010   eb22      r      ea
1110101100100100    11101010   eb24      r      ea
1110101100100111    11101010   eb27      r      ea
1110101100101001    11101010   eb29      r      ea
1110101100101011    11101010   eb2b      r      ea
1110101100101101    11101010   eb2d      r      ea
1110101100100000    11101010   eb20      r      ea
1110101100110010    11101010   eb32      r      ea
1110101100110100    11101010   eb34      r      ea
1110101100110110    11101010   eb36      r      ea
1110101100111001    11101010   eb39      r      ea
1110101100111011    11101010   eb3b      r      ea
1110101100111101    11101010   eb3d      r      ea
1110101100111111    11101010   eb3f      r      ea
1110101101000010    11101010   eb42      r      ea
1110101101000100    11101010   eb44      r      ea
1110101101000110    11101010   eb46      r      ea
1110101101001001    11101010   eb49      r      ea
1110101101001011    11101010   eb4b      r      ea
1110101101001101    11101010   eb4d      r      ea
1110101101001111    11101010   eb4f      r      ea
1110101101010010    11101010   eb52      r      ea
1110101101010100    11101010   eb54      r      ea
1110101101010110    11101010   eb56      r      ea
1110101101011000    11101010   eb58      r      ea
1110101101011011    11101010   eb5b      r      ea
1110101101011101    11101010   eb5d      r      ea
1110101101011111    11101010   eb5f      r      ea
1110101101100001    11101010   eb61      r      ea
1110101101100100    11101010   eb64      r      ea
1110101101100110    11101010   eb66      r      ea
1110101101101000    11101010   eb68      r      ea
1110101101101011    11101010   eb6b      r      ea
1110101101101101    11101010   eb6d      r      ea
1110101101101111    11101010   eb6f      r      ea
1110101101110001    11101010   eb71      r      ea
1110101101110000    11101010   eb70      r      ea
1110101101110110    11101010   eb76      r      ea
1110101101111000    11101010   eb78      r      ea
1110101101111010    11101010   eb7a      r      ea
1110101101111101    11101010   eb7d      r      ea
1110101101111111    11101010   eb7f      r      ea
1110101110000001    11101010   eb81      r      ea
1110101110000011    11101010   eb83      r      ea
1110101110000110    11101010   eb86      r      ea
1110101110001000    11101010   eb88      r      ea
1110101110001010    11101010   eb8a      r      ea
1110101110001100    11101010   eb8c      r      ea
1110101110001111    11101010   eb8f      r      ea
1110101110010001    11101010   eb91      r      ea
1110101110010011    11101010   eb93      r      ea
1110101110010100    11101010   eb94      r      ea
1110101110011000    11101010   eb98      r      ea
1110101110011010    11101010   eb9a      r      ea
1110101110011100    11101010   eb9c      r      ea
1110101110011111    11101010   eb9f      r      ea
1110101110100001    11101010   eba1      r      ea
1110101110100011    11101010   eba3      r      ea
1110101110100101    11101010   eba5      r      ea
1110101110101000    11101010   eba8      r      ea
1110101110101010    11101010   ebaa      r      ea
1110101110101100    11101010   ebac      r      ea
1110101110101110    11101010   ebae      r      ea
1110101110110001    11101010   ebb1      r      ea
1110101110110011    11101010   ebb3      r      ea
1110101110110101    11101010   ebb5      r      ea
1110101110110111    11101010   ebb7      r      ea
1110101110111010    11101010   ebba      r      ea
1110101110111100    11101010   ebbc      r      ea
1110101110111110    11101010   ebbe      r      ea
1110101111000001    11101010   ebc1      r      ea
1110101111000011    11101010   ebc3      r      ea
1110101111000101    11101010   ebc5      r      ea
1110101111000111    11101010   ebc7      r      ea
1110101111001010    11101010   ebca      r      ea
1110101111001100    11101010   ebcc      r      ea
1110101111001110    11101010   ebce      r      ea
1110101111010000    11101010   ebd0      r      ea
1110101111010011    11101010   ebd3      r      ea
1110101111010101    11101010   ebd5      r      ea
1110101111010111    11101010   ebd7      r      ea
1110101111011001    11101010   ebd9      r      ea
1110101111011100    11101010   ebdc      r      ea
1110101111011110    11101010   ebde      r      ea
1110101111100000    11101010   ebe0      r      ea
1110101111100011    11101010   ebe3      r      ea
1110101111100101    11101010   ebe5      r      ea
1110101111100111    11101010   ebe7      r      ea
1110101111101001    11101010   ebe9      r      ea
1110101111101000    11101010   ebe8      r      ea
1110101111101110    11101010   ebee      r      ea
1110101111110000    11101010   ebf0      r      ea
1110101111110010    11101010   ebf2      r      ea
1110101111110101    11101010   ebf5      r      ea
1110101111110111    11101010   ebf7      r      ea
1110101111111001    11101010   ebf9      r      ea
1110101111111011    11101010   ebfb      r      ea
1110101111111110    11101010   ebfe      r      ea
1110110000000000    11101010   ec00      r      ea
1110110000000010    11101010   ec02      r      ea
1110110000000100    11101010   ec04      r      ea
1110110000000111    11101010   ec07      r      ea
1110110000001001    11101010   ec09      r      ea
1110110000001011    11101010   ec0b      r      ea
1110110000001100    11101010   ec0c      r      ea
1110110000010000    11101010   ec10      r      ea
1110110000010010    11101010   ec12      r      ea
1110110000010100    11101010   ec14      r      ea
1110110000010111    11101010   ec17      r      ea
1110110000011001    11101010   ec19      r      ea
1110110000011011    11101010   ec1b      r      ea
1110110000011101    11101010   ec1d      r      ea
1110110000011000    11101010   ec18      r      ea
1110110000100010    11101010   ec22      r      ea
1110110000100100    11101010   ec24      r      ea
1110110000100110    11101010   ec26      r      ea
1110110000101001    11101010   ec29      r      ea
1110110000101011    11101010   ec2b      r      ea
1110110000101101    11101010   ec2d      r      ea
1110110000101111    11101010   ec2f      r      ea
1110110000110010    11101010   ec32      r      ea
1110110000110100    11101010   ec34      r      ea
1110110000110110    11101010   ec36      r      ea
1110110000111001    11101010   ec39      r      ea
1110110000111011    11101010   ec3b      r      ea
1110110000111101    11101010   ec3d      r      ea
1110110000111111    11101010   ec3f      r      ea
1110110001000010    11101010   ec42      r      ea
1110110001000100    11101010   ec44      r      ea
1110110001000110    11101010   ec46      r      ea
1110110001001000    11101010   ec48      r      ea
1110110001001011    11101010   ec4b      r      ea
1110110001001101    11101010   ec4d      r      ea
1110110001001111    11101010   ec4f      r      ea
1110110001010001    11101010   ec51      r      ea
1110110001010100    11101010   ec54      r      ea
1110110001010110    11101010   ec56      r      ea
1110110001011000    11101010   ec58      r      ea
1110110001011010    11101010   ec5a      r      ea
1110110001011101    11101010   ec5d      r      ea
1110110001011111    11101010   ec5f      r      ea
1110110001100001    11101010   ec61      r      ea
1110110001100011    11101010   ec63      r      ea
1110110001100110    11101010   ec66      r      ea
1110110001101000    11101010   ec68      r      ea
1110110001101010    11101010   ec6a      r      ea
1110110001101100    11101010   ec6c      r      ea
1110110001101110    11101010   ec6e      r      ea
1110110001101111    11101010   ec6f      r      ea
1110110001101111    11101010   ec6f      r      ea
1110110001110000    11101010   ec70      r      ea
1110110001110000    11101010   ec70      r      ea
1110110001110001    11101010   ec71      r      ea
1110110001110001    11101010   ec71      r      ea
1110110001110010    11101010   ec72      r      ea
1110110001110010    11101010   ec72      r      ea
1110110001110011    11101010   ec73      r      ea
1110110001110011    11101010   ec73      r      ea
1110110001110100    11101010   ec74      r      ea
1110110001110100    11101010   ec74      r      ea
1110110001110101    11101010   ec75      r      ea
1110110001110101    11101010   ec75      r      ea
