TODO add headers

1111111111111111    11101010  ffff  r ea
1111111111111111    11101010  ffff  r ea
1110101101010101    11101010  eb55  r ea
0000000111111101    11101010  01fd  r ea
0000000111111100    11101010  01fc  r ea
0000000111111011    11101010  01fb  r ea
1111111111111100    11101010  fffc  r ea
1111111111111101    11101010  fffd  r ea
1110101011101010    11101010  eaea  r ea
1110101011101011    11101010  eaeb  r ea
1110101011101011    11101010  eaeb  r ea
1110101011101100    11101010  eaec  r ea
1110101011101100    11101010  eaec  r ea
1110101011101101    11101010  eaed  r ea
1110101011101101    11101010  eaed  r ea
1110101011101110    11101010  eaee  r ea
1110101011101110    11101010  eaee  r ea
1110101011101111    11101010  eaef  r ea
1110101011101111    11101010  eaef  r ea
1110101011110000    11101010  eaf0  r ea
1110101011110000    11101010  eaf0  r ea
1110101011110001    11101010  eaf1  r ea
1110101011110001    11101010  eaf1  r ea
1110101011110010    11101010  eaf2  r ea
1110101011110010    11101010  eaf2  r ea
1110101011110011    11101010  eaf3  r ea
1110101011110011    11101010  eaf3  r ea
1110101011110100    11101010  eaf4  r ea
1110101011110100    11101010  eaf4  r ea
1110101011110101    11101010  eaf5  r ea
1110101011110101    11101010  eaf5  r ea
1110101011110110    11101010  eaf6  r ea
1110101011110110    11101010  eaf6  r ea
1110101011110111    11101010  eaf7  r ea
1110101011111000    11101010  eaf8  r ea
1110101011111010    11101010  eafa  r ea
1110101011111100    11101010  eafc  r ea
1110101011111110    11101010  eafe  r ea
1110101011111111    11101010  eaff  r ea
1110101100000001    11101010  eb01  r ea
1110101100000011    11101010  eb03  r ea
1110101100000101    11101010  eb05  r ea
1110101100000111    11101010  eb07  r ea
1110101100001001    11101010  eb09  r ea
1110101100001011    11101010  eb0b  r ea
1110101100001100    11101010  eb0c  r ea
1110101100001110    11101010  eb0e  r ea
1110101100010000    11101010  eb10  r ea
1110101100010010    11101010  eb12  r ea
1110101100010100    11101010  eb14  r ea
1110101100010110    11101010  eb16  r ea
1110101100010111    11101010  eb17  r ea
1110101100011001    11101010  eb19  r ea
1110101100011011    11101010  eb1b  r ea
1110101100011101    11101010  eb1d  r ea
1110101100011111    11101010  eb1f  r ea
1110101100100001    11101010  eb21  r ea
1110101100100010    11101010  eb22  r ea
1110101100100100    11101010  eb24  r ea
1110101100100110    11101010  eb26  r ea
1110101100101000    11101010  eb28  r ea
1110101100101010    11101010  eb2a  r ea
1110101100101100    11101010  eb2c  r ea
1110101100101101    11101010  eb2d  r ea
1110101100101111    11101010  eb2f  r ea
1110101100110001    11101010  eb31  r ea
1110101100110011    11101010  eb33  r ea
1110101100110101    11101010  eb35  r ea
1110101100110111    11101010  eb37  r ea
1110101100111001    11101010  eb39  r ea
1110101100111010    11101010  eb3a  r ea
1110101100111100    11101010  eb3c  r ea
1110101100111110    11101010  eb3e  r ea
1110101101000000    11101010  eb40  r ea
1110101101000010    11101010  eb42  r ea
1110101101000000    11101010  eb40  r ea
1110101101000101    11101010  eb45  r ea
1110101101000111    11101010  eb47  r ea
1110101101001001    11101010  eb49  r ea
1110101101001011    11101010  eb4b  r ea
1110101101001101    11101010  eb4d  r ea
1110101101001111    11101010  eb4f  r ea
1110101101010000    11101010  eb50  r ea
1110101101010010    11101010  eb52  r ea
1110101101010100    11101010  eb54  r ea
1110101101010110    11101010  eb56  r ea
1110101101011000    11101010  eb58  r ea
1110101101011010    11101010  eb5a  r ea
1110101101011010    11101010  eb5a  r ea
1110101101011101    11101010  eb5d  r ea
1110101101011111    11101010  eb5f  r ea
1110101101100001    11101010  eb61  r ea
1110101101100011    11101010  eb63  r ea
1110101101100101    11101010  eb65  r ea
1110101101100111    11101010  eb67  r ea
1110101101101000    11101010  eb68  r ea
1110101101101010    11101010  eb6a  r ea
1110101101101100    11101010  eb6c  r ea
1110101101101110    11101010  eb6e  r ea
1110101101110000    11101010  eb70  r ea
1110101101110010    11101010  eb72  r ea
1110101101110011    11101010  eb73  r ea
1110101101110101    11101010  eb75  r ea
1110101101110111    11101010  eb77  r ea
1110101101111001    11101010  eb79  r ea
1110101101111011    11101010  eb7b  r ea
1110101101111101    11101010  eb7d  r ea
1110101101111110    11101010  eb7e  r ea
1110101110000000    11101010  eb80  r ea
1110101110000010    11101010  eb82  r ea
1110101110000100    11101010  eb84  r ea
1110101110000110    11101010  eb86  r ea
1110101110001000    11101010  eb88  r ea
1110101110001000    11101010  eb88  r ea
1110101110001011    11101010  eb8b  r ea
1110101110001101    11101010  eb8d  r ea
1110101110001111    11101010  eb8f  r ea
1110101110010001    11101010  eb91  r ea
1110101110010011    11101010  eb93  r ea
1110101110010101    11101010  eb95  r ea
1110101110010110    11101010  eb96  r ea
1110101110011000    11101010  eb98  r ea
1110101110011010    11101010  eb9a  r ea
1110101110011100    11101010  eb9c  r ea
1110101110011110    11101010  eb9e  r ea
1110101110011000    11101010  eb98  r ea
1110101110100001    11101010  eba1  r ea
1110101110100011    11101010  eba3  r ea
1110101110100101    11101010  eba5  r ea
1110101110100111    11101010  eba7  r ea
1110101110101001    11101010  eba9  r ea
1110101110101011    11101010  ebab  r ea
1110101110101101    11101010  ebad  r ea
1110101110101110    11101010  ebae  r ea
1110101110110000    11101010  ebb0  r ea
1110101110110010    11101010  ebb2  r ea
1110101110110100    11101010  ebb4  r ea
1110101110110110    11101010  ebb6  r ea
1110101110110100    11101010  ebb4  r ea
1110101110111001    11101010  ebb9  r ea
1110101110111011    11101010  ebbb  r ea
1110101110111101    11101010  ebbd  r ea
1110101110111111    11101010  ebbf  r ea
1110101111000001    11101010  ebc1  r ea
1110101111000011    11101010  ebc3  r ea
1110101111000100    11101010  ebc4  r ea
1110101111000110    11101010  ebc6  r ea
1110101111001000    11101010  ebc8  r ea
1110101111001010    11101010  ebca  r ea
1110101111001100    11101010  ebcc  r ea
1110101111001110    11101010  ebce  r ea
1110101111001111    11101010  ebcf  r ea
1110101111010001    11101010  ebd1  r ea
1110101111010011    11101010  ebd3  r ea
1110101111010101    11101010  ebd5  r ea
1110101111010111    11101010  ebd7  r ea
1110101111011001    11101010  ebd9  r ea
1110101111011011    11101010  ebdb  r ea
1110101111011100    11101010  ebdc  r ea
1110101111011110    11101010  ebde  r ea
1110101111100000    11101010  ebe0  r ea
1110101111100010    11101010  ebe2  r ea
1110101111100100    11101010  ebe4  r ea
1110101111100110    11101010  ebe6  r ea
1110101111100111    11101010  ebe7  r ea
1110101111101001    11101010  ebe9  r ea
1110101111101011    11101010  ebeb  r ea
1110101111101101    11101010  ebed  r ea
1110101111101111    11101010  ebef  r ea
1110101111110001    11101010  ebf1  r ea
1110101111110010    11101010  ebf2  r ea
1110101111110100    11101010  ebf4  r ea
1110101111110110    11101010  ebf6  r ea
1110101111111000    11101010  ebf8  r ea
1110101111111010    11101010  ebfa  r ea
1110101111111100    11101010  ebfc  r ea
1110101111111100    11101010  ebfc  r ea
1110101111111111    11101010  ebff  r ea
1110110000000001    11101010  ec01  r ea
1110110000000011    11101010  ec03  r ea
1110110000000101    11101010  ec05  r ea
1110110000000111    11101010  ec07  r ea
1110110000001001    11101010  ec09  r ea
1110110000001010    11101010  ec0a  r ea
1110110000001100    11101010  ec0c  r ea
1110110000001110    11101010  ec0e  r ea
1110110000010000    11101010  ec10  r ea
1110110000010010    11101010  ec12  r ea
1110110000010100    11101010  ec14  r ea
1110110000010101    11101010  ec15  r ea
1110110000010111    11101010  ec17  r ea
1110110000011001    11101010  ec19  r ea
1110110000011011    11101010  ec1b  r ea
1110110000011101    11101010  ec1d  r ea
1110110000011111    11101010  ec1f  r ea
1110110000100001    11101010  ec21  r ea
1110110000100010    11101010  ec22  r ea
1110110000100100    11101010  ec24  r ea
1110110000100110    11101010  ec26  r ea
1110110000101000    11101010  ec28  r ea
1110110000101010    11101010  ec2a  r ea
1110110000101000    11101010  ec28  r ea
1110110000101101    11101010  ec2d  r ea
1110110000101111    11101010  ec2f  r ea
1110110000110001    11101010  ec31  r ea
1110110000110011    11101010  ec33  r ea
1110110000110101    11101010  ec35  r ea
1110110000110111    11101010  ec37  r ea
1110110000111000    11101010  ec38  r ea
1110110000111010    11101010  ec3a  r ea
1110110000111100    11101010  ec3c  r ea
1110110000111110    11101010  ec3e  r ea
1110110001000000    11101010  ec40  r ea
1110110001000010    11101010  ec42  r ea
1110110001000010    11101010  ec42  r ea
1110110001000101    11101010  ec45  r ea
1110110001000111    11101010  ec47  r ea
1110110001001001    11101010  ec49  r ea
1110110001001011    11101010  ec4b  r ea
1110110001001101    11101010  ec4d  r ea
1110110001001111    11101010  ec4f  r ea
1110110001010000    11101010  ec50  r ea
1110110001010010    11101010  ec52  r ea
1110110001010100    11101010  ec54  r ea
1110110001010110    11101010  ec56  r ea
1110110001011000    11101010  ec58  r ea
1110110001011010    11101010  ec5a  r ea
1110110001011011    11101010  ec5b  r ea
1110110001011101    11101010  ec5d  r ea
1110110001011111    11101010  ec5f  r ea
1110110001100001    11101010  ec61  r ea
1110110001100011    11101010  ec63  r ea
1110110001100101    11101010  ec65  r ea
1110110001100110    11101010  ec66  r ea
1110110001101000    11101010  ec68  r ea
1110110001101010    11101010  ec6a  r ea
1110110001101100    11101010  ec6c  r ea
1110110001101110    11101010  ec6e  r ea
1110110001110000    11101010  ec70  r ea
1110110001110010    11101010  ec72  r ea
1110110001110011    11101010  ec73  r ea
1110110001110101    11101010  ec75  r ea
1110110001110111    11101010  ec77  r ea
1110110001111001    11101010  ec79  r ea
1110110001111011    11101010  ec7b  r ea
1110110001111101    11101010  ec7d  r ea
1110110001111110    11101010  ec7e  r ea
1110110010000000    11101010  ec80  r ea
1110110010000010    11101010  ec82  r ea
1110110010000100    11101010  ec84  r ea
1110110010000110    11101010  ec86  r ea
1110110010001000    11101010  ec88  r ea
1110110010001001    11101010  ec89  r ea
1110110010001011    11101010  ec8b  r ea
1110110010001101    11101010  ec8d  r ea
1110110010001111    11101010  ec8f  r ea
1110110010010001    11101010  ec91  r ea
1110110010010011    11101010  ec93  r ea
1110110010010101    11101010  ec95  r ea
1110110010010110    11101010  ec96  r ea
1110110010011000    11101010  ec98  r ea
1110110010011010    11101010  ec9a  r ea
1110110010011100    11101010  ec9c  r ea
1110110010011110    11101010  ec9e  r ea
1110110010011000    11101010  ec98  r ea
1110110010100001    11101010  eca1  r ea
1110110010100011    11101010  eca3  r ea
1110110010100101    11101010  eca5  r ea
1110110010100111    11101010  eca7  r ea
1110110010101001    11101010  eca9  r ea
1110110010101011    11101010  ecab  r ea
1110110010101100    11101010  ecac  r ea
1110110010101110    11101010  ecae  r ea
1110110010110000    11101010  ecb0  r ea
1110110010110010    11101010  ecb2  r ea
1110110010110100    11101010  ecb4  r ea
1110110010110110    11101010  ecb6  r ea
1110110010110110    11101010  ecb6  r ea
1110110010111001    11101010  ecb9  r ea
1110110010111011    11101010  ecbb  r ea
1110110010111101    11101010  ecbd  r ea
1110110010111111    11101010  ecbf  r ea
1110110011000001    11101010  ecc1  r ea
1110110011000011    11101010  ecc3  r ea
1110110011000100    11101010  ecc4  r ea
1110110011000110    11101010  ecc6  r ea
1110110011001000    11101010  ecc8  r ea
1110110011001010    11101010  ecca  r ea
1110110011001100    11101010  eccc  r ea
1110110011001110    11101010  ecce  r ea
1110110011001111    11101010  eccf  r ea
1110110011010001    11101010  ecd1  r ea
1110110011010011    11101010  ecd3  r ea
1110110011010101    11101010  ecd5  r ea
1110110011010111    11101010  ecd7  r ea
1110110011011001    11101010  ecd9  r ea
1110110011011011    11101010  ecdb  r ea
1110110011011100    11101010  ecdc  r ea
1110110011011110    11101010  ecde  r ea
1110110011100000    11101010  ece0  r ea
1110110011100010    11101010  ece2  r ea
1110110011100100    11101010  ece4  r ea
1110110011100110    11101010  ece6  r ea
1110110011100111    11101010  ece7  r ea
1110110011101001    11101010  ece9  r ea
1110110011101011    11101010  eceb  r ea
1110110011101101    11101010  eced  r ea
1110110011101111    11101010  ecef  r ea
1110110011110001    11101010  ecf1  r ea
1110110011110010    11101010  ecf2  r ea
1110110011110100    11101010  ecf4  r ea
1110110011110110    11101010  ecf6  r ea
1110110011111000    11101010  ecf8  r ea
1110110011111010    11101010  ecfa  r ea
1110110011111100    11101010  ecfc  r ea
1110110011111100    11101010  ecfc  r ea
1110110011111111    11101010  ecff  r ea
1110110100000001    11101010  ed01  r ea
1110110100000011    11101010  ed03  r ea
1110110100000101    11101010  ed05  r ea
1110110100000111    11101010  ed07  r ea
1110110100001001    11101010  ed09  r ea
1110110100001010    11101010  ed0a  r ea
1110110100001100    11101010  ed0c  r ea
1110110100001110    11101010  ed0e  r ea
1110110100010000    11101010  ed10  r ea
1110110100010010    11101010  ed12  r ea
1110110100010100    11101010  ed14  r ea
1110110100010101    11101010  ed15  r ea
1110110100010111    11101010  ed17  r ea
1110110100011001    11101010  ed19  r ea
1110110100011011    11101010  ed1b  r ea
1110110100011101    11101010  ed1d  r ea
1110110100011111    11101010  ed1f  r ea
1110110100100001    11101010  ed21  r ea
1110110100100010    11101010  ed22  r ea
1110110100100100    11101010  ed24  r ea
1110110100100110    11101010  ed26  r ea
1110110100101000    11101010  ed28  r ea
1110110100101010    11101010  ed2a  r ea
1110110100101000    11101010  ed28  r ea
1110110100101101    11101010  ed2d  r ea
1110110100101111    11101010  ed2f  r ea
1110110100110001    11101010  ed31  r ea
1110110100110011    11101010  ed33  r ea
1110110100110101    11101010  ed35  r ea
1110110100110111    11101010  ed37  r ea
1110110100111000    11101010  ed38  r ea
1110110100111010    11101010  ed3a  r ea
1110110100111100    11101010  ed3c  r ea
1110110100111110    11101010  ed3e  r ea
1110110101000000    11101010  ed40  r ea
1110110101000010    11101010  ed42  r ea
1110110101000010    11101010  ed42  r ea
1110110101000101    11101010  ed45  r ea
1110110101000111    11101010  ed47  r ea
1110110101001001    11101010  ed49  r ea
1110110101001011    11101010  ed4b  r ea
1110110101001101    11101010  ed4d  r ea
1110110101001111    11101010  ed4f  r ea
1110110101010000    11101010  ed50  r ea
1110110101010010    11101010  ed52  r ea
1110110101010100    11101010  ed54  r ea
1110110101010110    11101010  ed56  r ea
1110110101011000    11101010  ed58  r ea
1110110101011010    11101010  ed5a  r ea
1110110101011011    11101010  ed5b  r ea
1110110101011101    11101010  ed5d  r ea
1110110101011111    11101010  ed5f  r ea
1110110101100001    11101010  ed61  r ea
1110110101100011    11101010  ed63  r ea
1110110101100101    11101010  ed65  r ea
1110110101100111    11101010  ed67  r ea
1110110101101000    11101010  ed68  r ea
1110110101101010    11101010  ed6a  r ea
1110110101101100    11101010  ed6c  r ea
1110110101101110    11101010  ed6e  r ea
1110110101110000    11101010  ed70  r ea
1110110101110010    11101010  ed72  r ea
1110110101110011    11101010  ed73  r ea
1110110101110101    11101010  ed75  r ea
1110110101110111    11101010  ed77  r ea
1110110101111001    11101010  ed79  r ea
1110110101111011    11101010  ed7b  r ea
1110110101111101    11101010  ed7d  r ea
1110110101111110    11101010  ed7e  r ea
1110110110000000    11101010  ed80  r ea
1110110110000010    11101010  ed82  r ea
1110110110000100    11101010  ed84  r ea
1110110110000110    11101010  ed86  r ea
1110110110001000    11101010  ed88  r ea
1110110110001000    11101010  ed88  r ea
1110110110001011    11101010  ed8b  r ea
1110110110001101    11101010  ed8d  r ea
1110110110001111    11101010  ed8f  r ea
1110110110010001    11101010  ed91  r ea
1110110110010011    11101010  ed93  r ea
1110110110010101    11101010  ed95  r ea
1110110110010110    11101010  ed96  r ea
1110110110011000    11101010  ed98  r ea
1110110110011010    11101010  ed9a  r ea
1110110110011100    11101010  ed9c  r ea
1110110110011110    11101010  ed9e  r ea
1110110110011000    11101010  ed98  r ea
1110110110100001    11101010  eda1  r ea
1110110110100011    11101010  eda3  r ea
1110110110100101    11101010  eda5  r ea
1110110110100111    11101010  eda7  r ea
1110110110101001    11101010  eda9  r ea
1110110110101011    11101010  edab  r ea
1110110110101100    11101010  edac  r ea
1110110110101110    11101010  edae  r ea
1110110110110000    11101010  edb0  r ea
1110110110110010    11101010  edb2  r ea
1110110110110100    11101010  edb4  r ea
1110110110110110    11101010  edb6  r ea
1110110110110100    11101010  edb4  r ea
1110110110111001    11101010  edb9  r ea
1110110110111011    11101010  edbb  r ea
1110110110111101    11101010  edbd  r ea
1110110110111111    11101010  edbf  r ea
1110110111000001    11101010  edc1  r ea
1110110111000011    11101010  edc3  r ea
1110110111000100    11101010  edc4  r ea
1110110111000110    11101010  edc6  r ea
1110110111001000    11101010  edc8  r ea
1110110111001010    11101010  edca  r ea
1110110111001100    11101010  edcc  r ea
1110110111001110    11101010  edce  r ea
1110110111001111    11101010  edcf  r ea
1110110111010001    11101010  edd1  r ea
1110110111010011    11101010  edd3  r ea
1110110111010101    11101010  edd5  r ea
1110110111010111    11101010  edd7  r ea
1110110111011001    11101010  edd9  r ea
1110110111011011    11101010  eddb  r ea
1110110111011100    11101010  eddc  r ea
1110110111011110    11101010  edde  r ea
1110110111100000    11101010  ede0  r ea
1110110111100010    11101010  ede2  r ea
1110110111100100    11101010  ede4  r ea
1110110111100110    11101010  ede6  r ea
1110110111100111    11101010  ede7  r ea
1110110111101001    11101010  ede9  r ea
1110110111101011    11101010  edeb  r ea
1110110111101101    11101010  eded  r ea
1110110111101111    11101010  edef  r ea
1110110111110001    11101010  edf1  r ea
1110110111110011    11101010  edf3  r ea
1110110111110100    11101010  edf4  r ea
1110110111110110    11101010  edf6  r ea
1110110111111000    11101010  edf8  r ea
1110110111111010    11101010  edfa  r ea
1110110111111100    11101010  edfc  r ea
1110110111111110    11101010  edfe  r ea
1110110111111111    11101010  edff  r ea
1110111000000001    11101010  ee01  r ea
1110111000000011    11101010  ee03  r ea
1110111000000101    11101010  ee05  r ea
1110111000000111    11101010  ee07  r ea
1110111000001001    11101010  ee09  r ea
1110111000001010    11101010  ee0a  r ea
1110111000001100    11101010  ee0c  r ea
1110111000001110    11101010  ee0e  r ea
1110111000010000    11101010  ee10  r ea
1110111000010010    11101010  ee12  r ea
1110111000010100    11101010  ee14  r ea
1110111000010100    11101010  ee14  r ea
1110111000010111    11101010  ee17  r ea
1110111000011001    11101010  ee19  r ea
1110111000011011    11101010  ee1b  r ea
1110111000011101    11101010  ee1d  r ea
1110111000011111    11101010  ee1f  r ea
1110111000100001    11101010  ee21  r ea
1110111000100010    11101010  ee22  r ea
1110111000100100    11101010  ee24  r ea
1110111000100110    11101010  ee26  r ea
1110111000101000    11101010  ee28  r ea
1110111000101010    11101010  ee2a  r ea
1110111000101100    11101010  ee2c  r ea
1110111000101101    11101010  ee2d  r ea
1110111000101111    11101010  ee2f  r ea
1110111000110001    11101010  ee31  r ea
1110111000110011    11101010  ee33  r ea
1110111000110101    11101010  ee35  r ea
1110111000110111    11101010  ee37  r ea
1110111000111001    11101010  ee39  r ea
1110111000111010    11101010  ee3a  r ea
1110111000111100    11101010  ee3c  r ea
1110111000111110    11101010  ee3e  r ea
1110111001000000    11101010  ee40  r ea
1110111001000010    11101010  ee42  r ea
1110111001000000    11101010  ee40  r ea
1110111001000101    11101010  ee45  r ea
1110111001000111    11101010  ee47  r ea
1110111001001001    11101010  ee49  r ea
1110111001001011    11101010  ee4b  r ea
1110111001001101    11101010  ee4d  r ea
1110111001001111    11101010  ee4f  r ea
1110111001010000    11101010  ee50  r ea
1110111001010010    11101010  ee52  r ea
1110111001010100    11101010  ee54  r ea
1110111001010110    11101010  ee56  r ea
1110111001011000    11101010  ee58  r ea
1110111001011010    11101010  ee5a  r ea
1110111001011010    11101010  ee5a  r ea
1110111001011101    11101010  ee5d  r ea
1110111001011111    11101010  ee5f  r ea
1110111001100001    11101010  ee61  r ea
1110111001100011    11101010  ee63  r ea
1110111001100101    11101010  ee65  r ea
1110111001100111    11101010  ee67  r ea
1110111001101000    11101010  ee68  r ea
1110111001101010    11101010  ee6a  r ea
1110111001101100    11101010  ee6c  r ea
1110111001101110    11101010  ee6e  r ea
1110111001110000    11101010  ee70  r ea
1110111001110010    11101010  ee72  r ea
1110111001110011    11101010  ee73  r ea
1110111001110101    11101010  ee75  r ea
1110111001110111    11101010  ee77  r ea
1110111001111001    11101010  ee79  r ea
1110111001111011    11101010  ee7b  r ea
1110111001111101    11101010  ee7d  r ea
1110111001111111    11101010  ee7f  r ea
1110111010000000    11101010  ee80  r ea
1110111010000010    11101010  ee82  r ea
1110111010000100    11101010  ee84  r ea
1110111010000110    11101010  ee86  r ea
1110111010001000    11101010  ee88  r ea
1110111010001010    11101010  ee8a  r ea
1110111010001011    11101010  ee8b  r ea
1110111010001101    11101010  ee8d  r ea
1110111010001111    11101010  ee8f  r ea
1110111010010001    11101010  ee91  r ea
1110111010010011    11101010  ee93  r ea
1110111010010101    11101010  ee95  r ea
1110111010010110    11101010  ee96  r ea
1110111010011000    11101010  ee98  r ea
1110111010011010    11101010  ee9a  r ea
1110111010011100    11101010  ee9c  r ea
1110111010011110    11101010  ee9e  r ea
1110111010010000    11101010  ee90  r ea
1110111010100000    11101010  eea0  r ea
1110111010100011    11101010  eea3  r ea
1110111010100101    11101010  eea5  r ea
1110111010100111    11101010  eea7  r ea
1110111010101001    11101010  eea9  r ea
1110111010101011    11101010  eeab  r ea
1110111010101101    11101010  eead  r ea
1110111010101110    11101010  eeae  r ea
1110111010110000    11101010  eeb0  r ea
1110111010110010    11101010  eeb2  r ea
1110111010110100    11101010  eeb4  r ea
1110111010110110    11101010  eeb6  r ea
1110111010110000    11101010  eeb0  r ea
1110111010111001    11101010  eeb9  r ea
1110111010111011    11101010  eebb  r ea
1110111010111101    11101010  eebd  r ea
1110111010111111    11101010  eebf  r ea
1110111011000001    11101010  eec1  r ea
1110111011000011    11101010  eec3  r ea
1110111011000101    11101010  eec5  r ea
1110111011000110    11101010  eec6  r ea
1110111011001000    11101010  eec8  r ea
1110111011001010    11101010  eeca  r ea
1110111011001100    11101010  eecc  r ea
1110111011001110    11101010  eece  r ea
1110111011001100    11101010  eecc  r ea
1110111011010001    11101010  eed1  r ea
1110111011010011    11101010  eed3  r ea
1110111011010101    11101010  eed5  r ea
1110111011010111    11101010  eed7  r ea
1110111011011001    11101010  eed9  r ea
1110111011011011    11101010  eedb  r ea
1110111011011100    11101010  eedc  r ea
1110111011011110    11101010  eede  r ea
1110111011100000    11101010  eee0  r ea
1110111011100010    11101010  eee2  r ea
1110111011100100    11101010  eee4  r ea
1110111011100110    11101010  eee6  r ea
1110111011100110    11101010  eee6  r ea
1110111011101001    11101010  eee9  r ea
1110111011101011    11101010  eeeb  r ea
1110111011101101    11101010  eeed  r ea
1110111011101111    11101010  eeef  r ea
1110111011110001    11101010  eef1  r ea
1110111011110011    11101010  eef3  r ea
1110111011110100    11101010  eef4  r ea
1110111011110110    11101010  eef6  r ea
1110111011111000    11101010  eef8  r ea
1110111011111010    11101010  eefa  r ea
1110111011111100    11101010  eefc  r ea
1110111011111110    11101010  eefe  r ea
1110111011111111    11101010  eeff  r ea
1110111100000001    11101010  ef01  r ea
1110111100000011    11101010  ef03  r ea
1110111100000101    11101010  ef05  r ea
1110111100000111    11101010  ef07  r ea
1110111100001001    11101010  ef09  r ea
1110111100001011    11101010  ef0b  r ea
1110111100001100    11101010  ef0c  r ea
1110111100001110    11101010  ef0e  r ea
1110111100010000    11101010  ef10  r ea
1110111100010010    11101010  ef12  r ea
1110111100010100    11101010  ef14  r ea
1110111100010110    11101010  ef16  r ea
1110111100010111    11101010  ef17  r ea
1110111100011001    11101010  ef19  r ea
1110111100011011    11101010  ef1b  r ea
1110111100011101    11101010  ef1d  r ea
1110111100011111    11101010  ef1f  r ea
1110111100100001    11101010  ef21  r ea
1110111100100010    11101010  ef22  r ea
1110111100100100    11101010  ef24  r ea
1110111100100110    11101010  ef26  r ea
1110111100101000    11101010  ef28  r ea
1110111100101010    11101010  ef2a  r ea
1110111100101100    11101010  ef2c  r ea
1110111100101100    11101010  ef2c  r ea
1110111100101111    11101010  ef2f  r ea
1110111100110001    11101010  ef31  r ea
1110111100110011    11101010  ef33  r ea
1110111100110101    11101010  ef35  r ea
1110111100110111    11101010  ef37  r ea
1110111100111001    11101010  ef39  r ea
1110111100111010    11101010  ef3a  r ea
1110111100111100    11101010  ef3c  r ea
1110111100111110    11101010  ef3e  r ea
1110111101000000    11101010  ef40  r ea
1110111101000010    11101010  ef42  r ea
1110111101000100    11101010  ef44  r ea
1110111101000101    11101010  ef45  r ea
1110111101000111    11101010  ef47  r ea
1110111101001001    11101010  ef49  r ea
1110111101001011    11101010  ef4b  r ea
1110111101001101    11101010  ef4d  r ea
1110111101001111    11101010  ef4f  r ea
1110111101010001    11101010  ef51  r ea
1110111101010010    11101010  ef52  r ea
1110111101010100    11101010  ef54  r ea
1110111101010110    11101010  ef56  r ea
1110111101011000    11101010  ef58  r ea
1110111101011010    11101010  ef5a  r ea
1110111101011100    11101010  ef5c  r ea
1110111101011101    11101010  ef5d  r ea
1110111101011111    11101010  ef5f  r ea
1110111101100001    11101010  ef61  r ea
1110111101100011    11101010  ef63  r ea
1110111101100101    11101010  ef65  r ea
1110111101100111    11101010  ef67  r ea
1110111101101000    11101010  ef68  r ea
1110111101101010    11101010  ef6a  r ea
1110111101101100    11101010  ef6c  r ea
1110111101101110    11101010  ef6e  r ea
1110111101110000    11101010  ef70  r ea
1110111101110010    11101010  ef72  r ea
1110111101110000    11101010  ef70  r ea
1110111101110101    11101010  ef75  r ea
1110111101110111    11101010  ef77  r ea
1110111101111001    11101010  ef79  r ea
1110111101111011    11101010  ef7b  r ea
1110111101111101    11101010  ef7d  r ea
1110111101111111    11101010  ef7f  r ea
1110111110000000    11101010  ef80  r ea
1110111110000010    11101010  ef82  r ea
1110111110000100    11101010  ef84  r ea
1110111110000110    11101010  ef86  r ea
1110111110001000    11101010  ef88  r ea
1110111110001010    11101010  ef8a  r ea
1110111110001010    11101010  ef8a  r ea
1110111110001101    11101010  ef8d  r ea
1110111110001111    11101010  ef8f  r ea
1110111110010001    11101010  ef91  r ea
1110111110010011    11101010  ef93  r ea
1110111110010101    11101010  ef95  r ea
1110111110010111    11101010  ef97  r ea
1110111110011000    11101010  ef98  r ea
1110111110011010    11101010  ef9a  r ea
1110111110011100    11101010  ef9c  r ea
1110111110011110    11101010  ef9e  r ea
1110111110100000    11101010  efa0  r ea
1110111110100010    11101010  efa2  r ea
1110111110100011    11101010  efa3  r ea
1110111110100101    11101010  efa5  r ea
1110111110100111    11101010  efa7  r ea
1110111110101001    11101010  efa9  r ea
1110111110101011    11101010  efab  r ea
1110111110101101    11101010  efad  r ea
1110111110101111    11101010  efaf  r ea
1110111110110000    11101010  efb0  r ea
1110111110110010    11101010  efb2  r ea
1110111110110100    11101010  efb4  r ea
1110111110110110    11101010  efb6  r ea
1110111110111000    11101010  efb8  r ea
1110111110111010    11101010  efba  r ea
1110111110111011    11101010  efbb  r ea
1110111110111101    11101010  efbd  r ea
1110111110111111    11101010  efbf  r ea
1110111111000001    11101010  efc1  r ea
1110111111000011    11101010  efc3  r ea
1110111111000101    11101010  efc5  r ea
1110111111000110    11101010  efc6  r ea
1110111111001000    11101010  efc8  r ea
1110111111001010    11101010  efca  r ea
1110111111001100    11101010  efcc  r ea
1110111111001110    11101010  efce  r ea
1110111111010000    11101010  efd0  r ea
1110111111010000    11101010  efd0  r ea
1110111111010011    11101010  efd3  r ea
1110111111010101    11101010  efd5  r ea
1110111111010111    11101010  efd7  r ea
1110111111011001    11101010  efd9  r ea
1110111111011011    11101010  efdb  r ea
1110111111011101    11101010  efdd  r ea
1110111111011110    11101010  efde  r ea
1110111111100000    11101010  efe0  r ea
1110111111100010    11101010  efe2  r ea
1110111111100100    11101010  efe4  r ea
1110111111100110    11101010  efe6  r ea
1110111111101000    11101010  efe8  r ea
1110111111101001    11101010  efe9  r ea
1110111111101011    11101010  efeb  r ea
1110111111101101    11101010  efed  r ea
1110111111101111    11101010  efef  r ea
1110111111110001    11101010  eff1  r ea
1110111111110011    11101010  eff3  r ea
1110111111110101    11101010  eff5  r ea
1110111111110110    11101010  eff6  r ea
1110111111111000    11101010  eff8  r ea
1110111111111010    11101010  effa  r ea
1110111111111100    11101010  effc  r ea
1110111111111110    11101010  effe  r ea
1110111111111100    11101010  effc  r ea
1111000000000001    11101010  f001  r ea
1111000000000011    11101010  f003  r ea
1111000000000101    11101010  f005  r ea
1111000000000111    11101010  f007  r ea
1111000000001001    11101010  f009  r ea
1111000000001011    11101010  f00b  r ea
1111000000001100    11101010  f00c  r ea
1111000000001110    11101010  f00e  r ea
1111000000010000    11101010  f010  r ea
1111000000010010    11101010  f012  r ea
1111000000010100    11101010  f014  r ea
1111000000010110    11101010  f016  r ea
1111000000010110    11101010  f016  r ea
1111000000011001    11101010  f019  r ea
1111000000011011    11101010  f01b  r ea
1111000000011101    11101010  f01d  r ea
1111000000011111    11101010  f01f  r ea
1111000000100001    11101010  f021  r ea
1111000000100011    11101010  f023  r ea
1111000000100100    11101010  f024  r ea
1111000000100110    11101010  f026  r ea
1111000000101000    11101010  f028  r ea
1111000000101010    11101010  f02a  r ea
1111000000101100    11101010  f02c  r ea
1111000000101110    11101010  f02e  r ea
1111000000101111    11101010  f02f  r ea
1111000000110001    11101010  f031  r ea
1111000000110011    11101010  f033  r ea
1111000000110101    11101010  f035  r ea
1111000000110111    11101010  f037  r ea
1111000000111001    11101010  f039  r ea
1111000000111011    11101010  f03b  r ea
1111000000111100    11101010  f03c  r ea
1111000000111110    11101010  f03e  r ea
1111000001000000    11101010  f040  r ea
1111000001000010    11101010  f042  r ea
1111000001000100    11101010  f044  r ea
1111000001000110    11101010  f046  r ea
1111000001000111    11101010  f047  r ea
1111000001001001    11101010  f049  r ea
1111000001001011    11101010  f04b  r ea
1111000001001101    11101010  f04d  r ea
1111000001001111    11101010  f04f  r ea
1111000001010001    11101010  f051  r ea
1111000001010011    11101010  f053  r ea
1111000001010100    11101010  f054  r ea
1111000001010110    11101010  f056  r ea
1111000001011000    11101010  f058  r ea
1111000001011010    11101010  f05a  r ea
1111000001011100    11101010  f05c  r ea
1111000001011110    11101010  f05e  r ea
1111000001011111    11101010  f05f  r ea
1111000001100001    11101010  f061  r ea
1111000001100011    11101010  f063  r ea
1111000001100101    11101010  f065  r ea
1111000001100111    11101010  f067  r ea
1111000001101001    11101010  f069  r ea
1111000001101010    11101010  f06a  r ea
1111000001101100    11101010  f06c  r ea
1111000001101110    11101010  f06e  r ea
1111000001110000    11101010  f070  r ea
1111000001110010    11101010  f072  r ea
1111000001110100    11101010  f074  r ea
1111000001110100    11101010  f074  r ea
1111000001110111    11101010  f077  r ea
1111000001111001    11101010  f079  r ea
1111000001111011    11101010  f07b  r ea
1111000001111101    11101010  f07d  r ea
1111000001111111    11101010  f07f  r ea
1111000010000001    11101010  f081  r ea
1111000010000010    11101010  f082  r ea
1111000010000100    11101010  f084  r ea
1111000010000110    11101010  f086  r ea
1111000010001000    11101010  f088  r ea
1111000010001010    11101010  f08a  r ea
1111000010001100    11101010  f08c  r ea
1111000010001101    11101010  f08d  r ea
1111000010001111    11101010  f08f  r ea
1111000010010001    11101010  f091  r ea
1111000010010011    11101010  f093  r ea
1111000010010101    11101010  f095  r ea
1111000010010111    11101010  f097  r ea
1111000010011001    11101010  f099  r ea
1111000010011010    11101010  f09a  r ea
1111000010011100    11101010  f09c  r ea
1111000010011110    11101010  f09e  r ea
1111000010100000    11101010  f0a0  r ea
1111000010100010    11101010  f0a2  r ea
1111000010100100    11101010  f0a4  r ea
1111000010100101    11101010  f0a5  r ea
1111000010100111    11101010  f0a7  r ea
1111000010101001    11101010  f0a9  r ea
1111000010101011    11101010  f0ab  r ea
1111000010101101    11101010  f0ad  r ea
1111000010101111    11101010  f0af  r ea
1111000010110000    11101010  f0b0  r ea
1111000010110010    11101010  f0b2  r ea
1111000010110100    11101010  f0b4  r ea
1111000010110110    11101010  f0b6  r ea
1111000010111000    11101010  f0b8  r ea
1111000010111010    11101010  f0ba  r ea
1111000010111000    11101010  f0b8  r ea
1111000010111101    11101010  f0bd  r ea
1111000010111111    11101010  f0bf  r ea
1111000011000001    11101010  f0c1  r ea
1111000011000011    11101010  f0c3  r ea
1111000011000101    11101010  f0c5  r ea
1111000011000111    11101010  f0c7  r ea
1111000011001000    11101010  f0c8  r ea
1111000011001010    11101010  f0ca  r ea
1111000011001100    11101010  f0cc  r ea
1111000011001110    11101010  f0ce  r ea
1111000011010000    11101010  f0d0  r ea
1111000011010010    11101010  f0d2  r ea
1111000011010010    11101010  f0d2  r ea
1111000011010101    11101010  f0d5  r ea
1111000011010111    11101010  f0d7  r ea
1111000011011001    11101010  f0d9  r ea
1111000011011011    11101010  f0db  r ea
1111000011011101    11101010  f0dd  r ea
1111000011011111    11101010  f0df  r ea
1111000011100000    11101010  f0e0  r ea
1111000011100010    11101010  f0e2  r ea
1111000011100100    11101010  f0e4  r ea
1111000011100110    11101010  f0e6  r ea
1111000011101000    11101010  f0e8  r ea
1111000011101010    11101010  f0ea  r ea
1111000011101011    11101010  f0eb  r ea
1111000011101101    11101010  f0ed  r ea
1111000011101111    11101010  f0ef  r ea
1111000011110001    11101010  f0f1  r ea
1111000011110011    11101010  f0f3  r ea
1111000011110101    11101010  f0f5  r ea
1111000011110111    11101010  f0f7  r ea
1111000011111000    11101010  f0f8  r ea
