1000000000000010    11101010  8002  r ea
1000000000000010    11101010  8002  r ea
1111111111111111    11101010  ffff  r ea
1000000000000010    11101010  8002  r ea
0000000111111101    11101010  01fd  r ea
0000000111111100    11101010  01fc  r ea
0000000111111011    11101010  01fb  r ea
1111111111111100    00000000  fffc  r 00
1111111111111101    10000000  fffd  r 80
1000000000000000    11101010  8000  r ea
1000000000000001    11101010  8001  r ea
1000000000000001    11101010  8001  r ea
1000000000000010    11101010  8002  r ea
1000000000000010    11101010  8002  r ea
1000000000000011    11101010  8003  r ea
1000000000000011    11101010  8003  r ea
1000000000000100    11101010  8004  r ea
1000000000000100    11101010  8004  r ea
1000000000000101    11101010  8005  r ea
1000000000000101    11101010  8005  r ea
1000000000000110    11101010  8006  r ea
1000000000000110    11101010  8006  r ea
