addr_bin            data_bin   addr_hex  r_w    data_hex
1000000000000001    11111111   8001      r      ff
1000000000000001    11111111   8001      r      ff
1111111111111111    11101010   ffff      r      ea
1000000000000010    10001101   8002      r      8d
0000000111111101    10001101   01fd      r      8d
0000000111111100    10001101   01fc      r      8d
0000000111111011    10001101   01fb      r      8d
1111111111111100    00000000   fffc      r      00
1111111111111101    10000000   fffd      r      80
1000000000000000    10101001   8000      r      a9
1000000000000001    11111111   8001      r      ff
1000000000000010    10001101   8002      r      8d
1000000000000011    00000010   8003      r      02
1000000000000100    01100000   8004      r      60
0110000000000010    11111111   6002      W      ff
1000000000000101    10101001   8005      r      a9
1000000000000110    01010101   8006      r      55
1000000000000111    10001101   8007      r      8d
1000000000001000    00000000   8008      r      00
1000000000001001    01100000   8009      r      60
0110000000000000    01010101   6000      W      55
1000000000001010    10101001   800a      r      a9
1000000000001011    10101010   800b      r      aa
1000000000001100    10001101   800c      r      8d
1000000000001101    00000000   800d      r      00
1000000000001110    01100000   800e      r      60
0110000000000000    10101010   6000      W      aa
1000000000001111    01001100   800f      r      4c
1000000000010000    00000101   8010      r      05
1000000000010001    10000000   8011      r      80
1000000000000101    10101001   8005      r      a9
1000000000000110    01010101   8006      r      55
1000000000000111    10001101   8007      r      8d
1000000000001000    00000000   8008      r      00
1000000000001001    01100000   8009      r      60
0110000000000000    01010101   6000      W      55
1000000000001010    10101001   800a      r      a9
1000000000001011    10101010   800b      r      aa
1000000000001100    10001101   800c      r      8d
1000000000001101    00000000   800d      r      00
1000000000001110    01100000   800e      r      60
0110000000000000    10101010   6000      W      aa
1000000000001111    01001100   800f      r      4c
1000000000010000    00000101   8010      r      05
1000000000010001    10000000   8011      r      80
1000000000000101    10101001   8005      r      a9
1000000000000110    01010101   8006      r      55
1000000000000111    10001101   8007      r      8d
1000000000001000    00000000   8008      r      00
1000000000001001    01100000   8009      r      60
0110000000000000    01010101   6000      W      55
1000000000001010    10101001   800a      r      a9
1000000000001011    10101010   800b      r      aa
1000000000001100    10001101   800c      r      8d
1000000000001101    00000000   800d      r      00
1000000000001110    01100000   800e      r      60
0110000000000000    10101010   6000      W      aa
1000000000001111    01001100   800f      r      4c
1000000000010000    00000101   8010      r      05
1000000000010001    10000000   8011      r      80
1000000000000101    10101001   8005      r      a9
1000000000000110    01010101   8006      r      55
1000000000000111    10001101   8007      r      8d
1000000000001000    00000000   8008      r      00
1000000000001001    01100000   8009      r      60
0110000000000000    01010101   6000      W      55
1000000000001010    10101001   800a      r      a9
1000000000001011    10101010   800b      r      aa
1000000000001100    10001101   800c      r      8d
1000000000001101    00000000   800d      r      00
1000000000001110    01100000   800e      r      60
0110000000000000    10101010   6000      W      aa
1000000000001111    01001100   800f      r      4c
1000000000010000    00000101   8010      r      05
1000000000010001    10000001   8011      r      81
1000000000001000    00000000   8008      r      00
1000000000001011    10001101   800b      r      8d
0110000000001111    01000101   600f      r      45
1000000000000110    10001100   8006      r      8c
0110000000001010    10101010   600a      r      aa
1000000000001100    10101000   800c      r      a8
1000000000000101    01010101   8005      r      55
1000000000001000    01011001   8008      r      59
1000000000001101    01100000   800d      r      60
1000000000010001    10001001   8011      r      89
1000000000001000    01100000   8008      W      60
1000000000001100    10000000   800c      r      80
0110000000001110    00000100   600e      r      04
1000000000000111    00000000   8007      r      00
0110000000001011    10101101   600b      r      ad
1000000000000000    01001100   8000      r      4c
1000000000000110    01011101   8006      r      5d
1000000000000000    10101001   8000      r      a9
1000000000001110    01100000   800e      W      60
1000000000010001    10101001   8011      r      a9
1000000000001001    01100001   8009      W      61
1000000000001101    00000000   800d      r      00
1000000000010000    10000000   8010      r      80
1000000000000100    00000000   8004      r      00
1000000000001011    10001101   800b      r      8d
1110000000000111    01000101   e007      r      45
1000000000000110    10001101   8006      r      8d
0110000000001010    10101010   600a      r      aa
1000000000001110    10101010   800e      r      aa
1000000000000101    11010101   8005      r      d5
1000000000001000    01010101   8008      r      55
1000000000001101    01100000   800d      r      60
1000000000010001    10000001   8011      r      81
1000000000001000    01100000   8008      r      60
1000000000001100    10000000   800c      r      80
0110000000001111    00000101   600f      r      05
1000000000000111    10000000   8007      r      80
0110000000001010    10101011   600a      r      ab
1000000000000000    11001100   8000      r      cc
1000000000000110    01010101   8006      r      55
1000000000000000    10101001   8000      r      a9
1000000000001110    01100000   800e      W      60
1000000000010001    10101001   8011      r      a9
1000000000001001    01100001   8009      W      61
1000000000001100    00000000   800c      r      00
1000000000010000    00000000   8010      r      00
1000000000000110    00000000   8006      r      00
1000000000001011    10001101   800b      r      8d
1010000000000011    01001101   a003      r      4d
1000000000000110    10001101   8006      r      8d
1110000000001010    10101010   e00a      r      aa
1000000000001110    00101010   800e      W      2a
1000000000000101    10010101   8005      r      95
1000000000001001    01010101   8009      r      55
1000000000001101    01100000   800d      r      60
1000000000010001    10000001   8011      r      81
1000000000001000    01100000   8008      r      60
1000000000001100    10000000   800c      r      80
0110000000001111    00000101   600f      r      05
1000000000000111    10000000   8007      r      80
0110000000001010    10101010   600a      r      aa
1000000000000000    10001100   8000      r      8c
1000000000000100    01010101   8004      r      55
1000000000000000    10101001   8000      r      a9
1000000000001110    01100000   800e      W      60
1000000000010001    10101001   8011      r      a9
1000000000001001    01100000   8009      W      60
1000000000001100    00000000   800c      r      00
1000000000010000    00000000   8010      r      00
1000000000000111    00000000   8007      r      00
1000000000001011    10001101   800b      r      8d
1000000000000001    01001101   8001      r      4d
1000000000000110    10001101   8006      r      8d
1010000000000010    10101010   a002      r      aa
1000000000001110    01101010   800e      W      6a
1000000000010101    10100101   8015      r      a5
1000000000001001    01010101   8009      W      55
1000000000001101    00100000   800d      r      20
1000000000010000    10000001   8010      r      81
1000000000001000    01100000   8008      r      60
1000000000001010    10001100   800a      r      8c
0110000000001111    00000101   600f      r      05
1000000000000111    10001000   8007      r      88
0110000000001010    10101010   600a      r      aa
1000000000000000    10101100   8000      r      ac
1000000000000101    01010101   8005      r      55
1000000000000000    01101001   8000      r      69
1000000000001101    01100000   800d      W      60
1000000000010001    10101001   8011      r      a9
1000000000001001    01100000   8009      W      60
1000000000001100    00000000   800c      r      00
0000000000001000    00000000   0008      r      00
1000000000000111    00000000   8007      r      00
1000000000001011    10101101   800b      r      ad
1000000000000000    01001100   8000      r      4c
1000000000000110    00001101   8006      r      0d
1000000000000000    10101010   8000      r      aa
1000000000001110    01101010   800e      W      6a
1000000000010001    10101101   8011      r      ad
1000000000001001    01110101   8009      W      75
1000000000001101    00000000   800d      r      00
1000000000010000    10000000   8010      r      80
1000000000001000    00100000   8008      r      20
1000000000001011    10001100   800b      r      8c
0110000000001111    00000101   600f      r      05
1000000000000111    10001100   8007      r      8c
0110000000001010    10101010   600a      r      aa
1000000000001000    10101100   8008      r      ac
1000000000000101    01010101   8005      r      55
1000000000000000    01001001   8000      r      49
1000000000001101    01100000   800d      W      60
1000000000010001    10101001   8011      r      a9
1000000000001000    01100000   8008      W      60
1000000000001100    10000000   800c      r      80
0110000000001100    00000100   600c      r      04
1000000000000111    00000000   8007      r      00
0000000000001011    10101101   000b      r      ad
1000000000000000    01001100   8000      r      4c
1000000000000110    01001101   8006      r      4d
1000000000000000    10101001   8000      r      a9
1000000000001110    01100010   800e      W      62
1000000000010001    10101001   8011      r      a9
1000000000001001    01100101   8009      W      65
1000000000001101    00000000   800d      r      00
1000000000010000    10000000   8010      r      80
1000000000001000    00000000   8008      r      00
1000000000001011    10001101   800b      r      8d
0110000000001111    01000101   600f      r      45
1000000000000110    10001100   8006      r      8c
0110000000001010    10101010   600a      r      aa
1000000000001110    10101000   800e      r      a8
1000000000000101    01010101   8005      r      55
1000000000001000    01010001   8008      r      51
1000000000001101    01100000   800d      r      60
1000000000010001    10001001   8011      r      89
1000000000001000    01100000   8008      W      60
1000000000001100    10000000   800c      r      80
0110000000001111    00000100   600f      r      04
1000000000000111    10000000   8007      r      80
0110000000001011    10101001   600b      r      a9
1000000000000000    01001100   8000      r      4c
1000000000000110    01011101   8006      r      5d
1000000000000000    10101001   8000      r      a9
1000000000001110    01100000   800e      W      60
1000000000010001    10101001   8011      r      a9
1000000000001001    01100101   8009      W      65
1000000000001101    00000000   800d      r      00
1000000000010000    10000000   8010      r      80
1000000000000100    00000000   8004      r      00
1000000000001011    10001101   800b      r      8d
1110000000001111    01000101   e00f      r      45
1000000000000110    10001101   8006      r      8d
0110000000001010    10101010   600a      r      aa
1000000000001110    10101010   800e      r      aa
1000000000000101    11010101   8005      r      d5
1000000000001000    01010101   8008      r      55
1000000000001101    01100000   800d      r      60
1000000000010001    10000001   8011      r      81
1000000000001000    01100000   8008      r      60
1000000000001100    10000000   800c      r      80
0110000000001111    00000101   600f      r      05
1000000000000111    10000000   8007      r      80
0110000000001010    10101011   600a      r      ab
1000000000000000    11001100   8000      r      cc
1000000000000110    01010101   8006      r      55
1000000000000000    10101001   8000      r      a9
1000000000001110    01100000   800e      W      60
1000000000010001    10101001   8011      r      a9
1000000000001001    01100001   8009      W      61
1000000000001100    00000000   800c      r      00
1000000000010000    00000000   8010      r      00
1000000000000110    00000000   8006      r      00
1000000000001011    10001101   800b      r      8d
1010000000000011    01001101   a003      r      4d
1000000000000110    10001101   8006      r      8d
1110000000001010    10101010   e00a      r      aa
1000000000001110    00101010   800e      W      2a
1000000000000101    10010101   8005      r      95
1000000000001001    01010101   8009      r      55
1000000000001101    01100000   800d      r      60
1000000000010001    10000001   8011      r      81
1000000000001000    01100000   8008      r      60
1000000000001100    10001000   800c      r      88
0110000000001111    00000101   600f      r      05
1000000000000111    10000000   8007      r      80
0110000000001010    10101010   600a      r      aa
1000000000000000    10001100   8000      r      8c
1000000000000101    01010101   8005      r      55
1000000000000000    00101001   8000      r      29
1000000000001110    01100000   800e      W      60
1000000000010001    10101001   8011      r      a9
1000000000001001    01100000   8009      W      60
1000000000001100    00000000   800c      r      00
1000000000010000    00000000   8010      r      00
1000000000000111    00000000   8007      r      00
1000000000001011    10001101   800b      r      8d
1000000000000001    01001101   8001      r      4d
1000000000000110    10001101   8006      r      8d
1010000000000010    10101010   a002      r      aa
1000000000001110    01101010   800e      W      6a
1000000000010101    10100101   8015      r      a5
1000000000001001    01010101   8009      W      55
1000000000001101    00100000   800d      r      20
1000000000010000    10000001   8010      r      81
1000000000001000    01100000   8008      r      60
1000000000001000    10001100   8008      r      8c
0110000000001111    00000101   600f      r      05
1000000000000111    10000000   8007      r      80
0110000000001010    10101010   600a      r      aa
1000000000000000    10101100   8000      r      ac
1000000000000101    01010101   8005      r      55
1000000000000000    01101001   8000      r      69
1000000000001100    01100000   800c      W      60
1000000000010001    10101001   8011      r      a9
1000000000001001    01100000   8009      W      60
1000000000001100    00000000   800c      r      00
0000000000001000    00000000   0008      r      00
1000000000000111    00000000   8007      r      00
1000000000001011    10101101   800b      r      ad
1000000000000000    01001100   8000      r      4c
1000000000000110    00001101   8006      r      0d
1000000000000000    10101010   8000      r      aa
1000000000001110    01101010   800e      W      6a
1000000000010101    10101101   8015      r      ad
1000000000001001    01010101   8009      W      55
1000000000001101    00000000   800d      r      00
1000000000010000    10000000   8010      r      80
1000000000001000    00100000   8008      r      20
1000000000001011    10001100   800b      r      8c
0110000000001111    00000101   600f      r      05
1000000000000111    10001100   8007      r      8c
0110000000001010    10101010   600a      r      aa
1000000000001000    10101100   8008      r      ac
1000000000000101    01010101   8005      r      55
1000000000001001    01100000   8009      r      60
1000000000001001    01100000   8009      r      60
0110000000000000    01010101   6000      W      55
1000000000001010    10101001   800a      r      a9
1000000000001011    10101010   800b      r      aa
1000000000001100    10001101   800c      r      8d
1000000000001101    00000000   800d      r      00
1000000000001110    01100000   800e      r      60
0110000000000000    10101010   6000      W      aa
1000000000001111    01001100   800f      r      4c
1000000000010000    00000101   8010      r      05
