addr_bin            data_bin   addr_hex  r_w    data_hex
1110101000000001    11101010   ea01      r      ea
1110101000000001    11101010   ea01      r      ea
1111111111111111    11101010   ffff      r      ea
1110101000000010    11101010   ea02      r      ea
0000000111111111    11101010   01ff      r      ea
0000000111111110    11101010   01fe      r      ea
0000000111111101    11101010   01fd      r      ea
1111111111111100    00000000   fffc      r      00
1111111111111101    10000000   fffd      r      80
1000000000000000    11101010   8000      r      ea
1000000000000001    11101010   8001      r      ea
1000000000000001    11101010   8001      r      ea
1000000000000010    11101010   8002      r      ea
1000000000000010    11101010   8002      r      ea
1000000000000011    11101010   8003      r      ea
1000000000000011    11101010   8003      r      ea
1000000000000100    11101010   8004      r      ea
1000000000000100    11101010   8004      r      ea
1000000000000101    11101010   8005      r      ea
1000000000000101    11101010   8005      r      ea
1000000000000110    11101010   8006      r      ea
1000000000000110    11101010   8006      r      ea
1000000000000111    11101010   8007      r      ea
1000000000001001    11101010   8009      r      ea
1000000000001011    11101010   800b      r      ea
1000000000001101    11101010   800d      r      ea
1000000000001000    11101010   8008      r      ea
1000000000010010    11101010   8012      r      ea
1000000000010100    11101010   8014      r      ea
1000000000010110    11101010   8016      r      ea
1000000000011001    11101010   8019      r      ea
1000000000011011    11101010   801b      r      ea
1000000000011101    11101010   801d      r      ea
1000000000011100    11101010   801c      r      ea
1000000000100010    11101010   8022      r      ea
1000000000100100    11101010   8024      r      ea
1000000000100110    11101010   8026      r      ea
1000000000101001    11101010   8029      r      ea
1000000000101011    11101010   802b      r      ea
1000000000101101    11101010   802d      r      ea
1000000000101110    11101010   802e      r      ea
1000000000110010    11101010   8032      r      ea
1000000000110100    11101010   8034      r      ea
1000000000110110    11101010   8036      r      ea
1000000000111001    11101010   8039      r      ea
1000000000111011    11101010   803b      r      ea
1000000000111101    11101010   803d      r      ea
1000000000111110    11101010   803e      r      ea
1000000001000010    11101010   8042      r      ea
1000000001000100    11101010   8044      r      ea
1000000001000110    11101010   8046      r      ea
1000000001001001    11101010   8049      r      ea
1000000001001011    11101010   804b      r      ea
1000000001001101    11101010   804d      r      ea
1000000001001111    11101010   804f      r      ea
1000000001010010    11101010   8052      r      ea
1000000001010100    11101010   8054      r      ea
1000000001010110    11101010   8056      r      ea
1000000001011001    11101010   8059      r      ea
1000000001011011    11101010   805b      r      ea
1000000001011101    11101010   805d      r      ea
1000000001011111    11101010   805f      r      ea
1000000001100010    11101010   8062      r      ea
1000000001100100    11101010   8064      r      ea
1000000001100110    11101010   8066      r      ea
1000000001101001    11101010   8069      r      ea
1000000001101011    11101010   806b      r      ea
1000000001101101    11101010   806d      r      ea
1000000001101111    11101010   806f      r      ea
1000000001110010    11101010   8072      r      ea
1000000001110100    11101010   8074      r      ea
1000000001110110    11101010   8076      r      ea
1000000001111001    11101010   8079      r      ea
1000000001111011    11101010   807b      r      ea
1000000001111101    11101010   807d      r      ea
1000000001111111    11101010   807f      r      ea
1000000010000010    11101010   8082      r      ea
1000000010000100    11101010   8084      r      ea
1000000010000110    11101010   8086      r      ea
1000000010001001    11101010   8089      r      ea
1000000010001011    11101010   808b      r      ea
1000000010001101    11101010   808d      r      ea
1000000010001111    11101010   808f      r      ea
1000000010010010    11101010   8092      r      ea
1000000010010100    11101010   8094      r      ea
1000000010010110    11101010   8096      r      ea
1000000010011001    11101010   8099      r      ea
1000000010011011    11101010   809b      r      ea
1000000010011101    11101010   809d      r      ea
1000000010011111    11101010   809f      r      ea
1000000010100010    11101010   80a2      r      ea
1000000010100100    11101010   80a4      r      ea
1000000010100110    11101010   80a6      r      ea
1000000010101001    11101010   80a9      r      ea
1000000010101011    11101010   80ab      r      ea
1000000010101101    11101010   80ad      r      ea
1000000010101111    11101010   80af      r      ea
1000000010110010    11101010   80b2      r      ea
1000000010110100    11101010   80b4      r      ea
1000000010110110    11101010   80b6      r      ea
1000000010111000    11101010   80b8      r      ea
1000000010111011    11101010   80bb      r      ea
1000000010111101    11101010   80bd      r      ea
1000000010111111    11101010   80bf      r      ea
1000000011000010    11101010   80c2      r      ea
1000000011000100    11101010   80c4      r      ea
1000000011000110    11101010   80c6      r      ea
1000000011001000    11101010   80c8      r      ea
1000000011001011    11101010   80cb      r      ea
1000000011001101    11101010   80cd      r      ea
1000000011001111    11101010   80cf      r      ea
1000000011010010    11101010   80d2      r      ea
1000000011010100    11101010   80d4      r      ea
1000000011010110    11101010   80d6      r      ea
1000000011011000    11101010   80d8      r      ea
1000000011011011    11101010   80db      r      ea
1000000011011101    11101010   80dd      r      ea
1000000011011111    11101010   80df      r      ea
1000000011100010    11101010   80e2      r      ea
1000000011100100    11101010   80e4      r      ea
1000000011100110    11101010   80e6      r      ea
1000000011101000    11101010   80e8      r      ea
1000000011101011    11101010   80eb      r      ea
1000000011101101    11101010   80ed      r      ea
1000000011101111    11101010   80ef      r      ea
1000000011110010    11101010   80f2      r      ea
1000000011110100    11101010   80f4      r      ea
1000000011110110    11101010   80f6      r      ea
1000000011111000    11101010   80f8      r      ea
1000000011111011    11101010   80fb      r      ea
1000000011111101    11101010   80fd      r      ea
1000000011111111    11101010   80ff      r      ea
1000000100000000    11101010   8100      r      ea
1000000100000100    11101010   8104      r      ea
1000000100000110    11101010   8106      r      ea
1000000100001000    11101010   8108      r      ea
1000000100001011    11101010   810b      r      ea
1000000100001101    11101010   810d      r      ea
1000000100001111    11101010   810f      r      ea
1000000100010000    11101010   8110      r      ea
1000000100010100    11101010   8114      r      ea
1000000100010110    11101010   8116      r      ea
1000000100011000    11101010   8118      r      ea
1000000100011011    11101010   811b      r      ea
1000000100011101    11101010   811d      r      ea
1000000100011111    11101010   811f      r      ea
1000000100100001    11101010   8121      r      ea
1000000100100100    11101010   8124      r      ea
1000000100100110    11101010   8126      r      ea
1000000100101000    11101010   8128      r      ea
1000000100101011    11101010   812b      r      ea
1000000100101101    11101010   812d      r      ea
1000000100101111    11101010   812f      r      ea
1000000100110001    11101010   8131      r      ea
1000000100110100    11101010   8134      r      ea
1000000100110110    11101010   8136      r      ea
1000000100111000    11101010   8138      r      ea
1000000100111011    11101010   813b      r      ea
1000000100111101    11101010   813d      r      ea
1000000100111111    11101010   813f      r      ea
1000000101000001    11101010   8141      r      ea
1000000101000100    11101010   8144      r      ea
1000000101000110    11101010   8146      r      ea
1000000101001000    11101010   8148      r      ea
1000000101001011    11101010   814b      r      ea
1000000101001101    11101010   814d      r      ea
1000000101001111    11101010   814f      r      ea
1000000101010001    11101010   8151      r      ea
1000000101010100    11101010   8154      r      ea
1000000101010110    11101010   8156      r      ea
1000000101011000    11101010   8158      r      ea
1000000101011011    11101010   815b      r      ea
1000000101011101    11101010   815d      r      ea
1000000101011111    11101010   815f      r      ea
1000000101100001    11101010   8161      r      ea
1000000101100100    11101010   8164      r      ea
1000000101100110    11101010   8166      r      ea
1000000101101000    11101010   8168      r      ea
1000000101101011    11101010   816b      r      ea
1000000101101101    11101010   816d      r      ea
1000000101101111    11101010   816f      r      ea
1000000101110001    11101010   8171      r      ea
1000000101110100    11101010   8174      r      ea
1000000101110110    11101010   8176      r      ea
1000000101111000    11101010   8178      r      ea
1000000101111010    11101010   817a      r      ea
1000000101111101    11101010   817d      r      ea
1000000101111111    11101010   817f      r      ea
1000000110000001    11101010   8181      r      ea
1000000110000100    11101010   8184      r      ea
1000000110000110    11101010   8186      r      ea
1000000110001000    11101010   8188      r      ea
1000000110001010    11101010   818a      r      ea
1000000110001101    11101010   818d      r      ea
1000000110001111    11101010   818f      r      ea
1000000110010001    11101010   8191      r      ea
1000000110010100    11101010   8194      r      ea
1000000110010110    11101010   8196      r      ea
1000000110011000    11101010   8198      r      ea
1000000110011010    11101010   819a      r      ea
1000000110011101    11101010   819d      r      ea
1000000110011111    11101010   819f      r      ea
1000000110100001    11101010   81a1      r      ea
1000000110100000    11101010   81a0      r      ea
1000000110100110    11101010   81a6      r      ea
1000000110101000    11101010   81a8      r      ea
1000000110101010    11101010   81aa      r      ea
1000000110101101    11101010   81ad      r      ea
1000000110101111    11101010   81af      r      ea
1000000110110001    11101010   81b1      r      ea
1000000110110000    11101010   81b0      r      ea
1000000110110110    11101010   81b6      r      ea
1000000110111000    11101010   81b8      r      ea
1000000110111010    11101010   81ba      r      ea
1000000110111101    11101010   81bd      r      ea
1000000110111111    11101010   81bf      r      ea
1000000111000001    11101010   81c1      r      ea
1000000111000010    11101010   81c2      r      ea
1000000111000110    11101010   81c6      r      ea
1000000111000111    11101010   81c7      r      ea
1000000111000111    11101010   81c7      r      ea
1000000111000111    11101010   81c7      r      ea
1000000111001000    11101010   81c8      r      ea
