addr_bin            data_bin   addr_hex  r_w    data_hex
0000000111111110    00000010   01fe      r      02
0000000111111110    00000010   01fe      r      02
1111111111111111    00000000   ffff      r      00
0000000000000010    00000000   0002      r      00
0000000100000000    00000000   0100      r      00
0000000111111111    00000000   01ff      r      00
0000000111111110    00000000   01fe      r      00
1111111111111100    00000000   fffc      r      00
1111111111111101    10000000   fffd      r      80
1000000000000000    10101001   8000      r      a9
1000000000000001    11111111   8001      r      ff
1000000000000010    10001101   8002      r      8d
1000000000000011    00000010   8003      r      02
1000000000000100    01100000   8004      r      60
0110000000000010    11111111   6002      W      ff
1000000000000101    10101001   8005      r      a9
1000000000000110    11100000   8006      r      e0
1000000000000111    10001101   8007      r      8d
1000000000001000    00000011   8008      r      03
1000000000001001    01100000   8009      r      60
0110000000000011    11100000   6003      W      e0
1000000000001010    10101001   800a      r      a9
1000000000001011    00111000   800b      r      38
1000000000001100    00100000   800c      r      20
1000000000001101    01011101   800d      r      5d
0000000111111101    01011101   01fd      r      5d
0000000111111101    10000000   01fd      W      80
0000000111111100    00001110   01fc      W      0e
1000000000001110    10000000   800e      r      80
1000000001011101    10001101   805d      r      8d
1000000001011110    00000000   805e      r      00
1000000001011111    01100000   805f      r      60
0110000000000000    00111000   6000      W      38
1000000001100000    10101001   8060      r      a9
1000000001100001    00000000   8061      r      00
1000000001100010    10001101   8062      r      8d
1000000001100011    00000001   8063      r      01
1000000001100100    01100000   8064      r      60
0110000000000001    00000000   6001      W      00
1000000001100101    10101001   8065      r      a9
1000000001100110    10000000   8066      r      80
1000000001100111    10001101   8067      r      8d
1000000001101000    00000001   8068      r      01
1000000001101001    01100000   8069      r      60
0110000000000001    10000000   6001      W      80
1000000001101010    10101001   806a      r      a9
1000000001101011    00000000   806b      r      00
1000000001101100    10001101   806c      r      8d
1000000001101101    00000001   806d      r      01
1000000001101110    01100000   806e      r      60
0110000000000001    00000000   6001      W      00
1000000001101111    01100000   806f      r      60
1000000001110000    10001101   8070      r      8d
0000000111111011    10001101   01fb      r      8d
0000000111111100    10001101   01fc      r      8d
0000000111111101    10001101   01fd      r      8d
1000110110001101    00000000   8d8d      r      00
1000110110001110    00000000   8d8e      r      00
1000110110001111    00000000   8d8f      r      00
0000000111111101    10001101   01fd      W      8d
0000000111111100    10010000   01fc      W      90
0000000111111011    00110110   01fb      W      36
1111111111111110    00000000   fffe      r      00
1111111111111111    00000000   ffff      r      00
0000000000000000    00000000   0000      r      00
0000000000000001    00000000   0001      r      00
0000000111111010    00000000   01fa      W      00
0000000000000000    00000000   0000      r      00
0000000000000000    00000000   0000      r      00
0000000100000000    00000000   0100      W      00
0000000111111111    00000000   01ff      W      00
0000000111111110    00100000   01fe      W      20
1111111111111010    00000000   fffa      r      00
1111111111111011    00000000   fffb      r      00
0000000000000000    00000000   0000      r      00
0000000000000001    00000000   0001      r      00
0000000111111101    00000000   01fd      W      00
0000000111111100    00000010   01fc      W      02
0000000111111011    00110100   01fb      W      34
1111111111111110    00000000   fffe      r      00
1111111111111111    00000000   ffff      r      00
0000000000000000    00000000   0000      r      00
0000000000000001    00000000   0001      r      00
0000000111111010    00000000   01fa      W      00
0000000111111001    00000010   01f9      W      02
0000000111111110    00000000   01fe      r      00
0000000000000001    00000000   0001      W      00
0000001111111110    00000000   03fe      r      00
0000000111110011    00000010   01f3      W      02
1111111000000000    00000000   fe00      r      00
0000000111111110    00000000   01fe      r      00
0000000111101110    00000010   01ee      W      02
1111111110000000    00000000   ff80      r      00
0000000111101110    00000000   01ee      r      00
0000000111101000    00000010   01e8      W      02
1111111111100000    00000000   ffe0      r      00
0000000111100010    00000000   01e2      r      00
0000000001100010    00000010   0062      W      02
1111111111111000    00000000   fff8      r      00
0000000111011101    00000000   01dd      r      00
0000000000011100    00000010   001c      W      02
1111111111111110    00000000   fffe      r      00
0000000111010111    00000000   01d7      r      00
0000000000000110    00000000   0006      W      00
1111111111111111    00000000   ffff      r      00
0000000111010001    00000000   01d1      r      00
0000000000000000    00000000   0000      W      00
1111111111111111    00000000   ffff      r      00
0000000111001011    00100000   01cb      r      20
0000000000000001    00000000   0001      W      00
1111111111111111    00000000   ffff      r      00
0000000111000101    00110100   01c5      r      34
0000000000000001    00000000   0001      W      00
1111111111111111    00000000   ffff      r      00
0000000111000000    00110100   01c0      r      34
0000000000000001    00000000   0001      W      00
0001111111111111    00000000   1fff      r      00
0000000110111010    00110100   01ba      W      34
0000000000000001    00000000   0001      W      00
0000011111111110    00000000   07fe      r      00
0000000110110100    00000100   01b4      W      04
1100000000000001    00000000   c001      W      00
0000000111111110    00000000   01fe      r      00
0000000110101110    00000000   01ae      W      00
1111000000000001    00000000   f001      W      00
0000000111111110    00000000   01fe      r      00
0000000110101000    00000010   01a8      W      02
1111110000000000    00000000   fc00      r      00
0000000110111110    00000000   01be      r      00
0000000110100010    00000010   01a2      W      02
1111111100000000    00000000   ff00      r      00
0000000110011110    00000000   019e      r      00
0000000110011101    00000010   019d      W      02
1111111111000000    00000000   ffc0      r      00
0000000110011000    00000000   0198      r      00
0000000010010111    00000010   0097      W      02
1111111111110000    00000000   fff0      r      00
0000000110010010    00000000   0192      r      00
0000000000010001    00000010   0011      W      02
1111111111111100    00000000   fffc      r      00
0000000110001100    00000000   018c      r      00
0000000000001011    00000000   000b      W      00
1111111111111111    00000000   ffff      r      00
0000000110000110    00000000   0186      r      00
0000000000000001    00000000   0001      W      00
1111111111111111    00000000   ffff      r      00
0000000110000000    00000000   0180      r      00
0000000000000001    00000000   0001      W      00
1111111111111111    00000000   ffff      r      00
0000000101111010    00110000   017a      r      30
0000000000000001    00000000   0001      W      00
1111111111111111    00000000   ffff      r      00
0000000101110100    00110100   0174      r      34
0000000000000001    00000000   0001      W      00
0111111111111111    00000000   7fff      r      00
0000000101101111    00110100   016f      r      34
0000000000000001    00000000   0001      W      00
0001111111111111    00000000   1fff      r      00
0000000101101001    00010100   0169      W      14
1000000000000001    00000000   8001      W      00
0000011111111110    00000000   07fe      r      00
0000000101100011    00000100   0163      W      04
1110000000000001    00000000   e001      W      00
0000000111111110    00000000   01fe      r      00
0000000101011101    00000010   015d      W      02
1111100000000000    00000000   f800      W      00
0000000101111110    00000000   017e      r      00
0000000101011011    00000010   015b      W      02
1111111000000000    00000000   fe00      r      00
0000000101011110    00000000   015e      r      00
0000000101010010    00000010   0152      W      02
1111111111000000    00000000   ffc0      r      00
0000000101001110    00000000   014e      r      00
0000000101001100    00000010   014c      W      02
1111111111110000    00000000   fff0      r      00
0000000101000111    00000000   0147      r      00
0000000000000110    00000010   0006      W      02
1111111111111111    00000000   ffff      r      00
0000000101000010    00000010   0142      W      02
0000000101000001    00000010   0141      W      02
0000000101000001    00110100   0141      W      34
1111111111111110    00000000   fffe      r      00
